<?xml version="1.0" encoding="UTF-8"?>
<testsuite name="PersonTest" tests="4" skipped="0" failures="0" errors="0" timestamp="2018-10-20T20:35:40" hostname="karis-HP-840" time="0.002">
  <properties/>
  <testcase name="person_instantiatesCorretly_true" classname="PersonTest" time="0.001"/>
  <testcase name="getName_personInstantiatesWithEmail_String" classname="PersonTest" time="0.0"/>
  <testcase name="getName_personInstantiatesWithName_Henry" classname="PersonTest" time="0.0"/>
  <testcase name="equals_returnsTrueIfNameAndEmailAreSame_true" classname="PersonTest" time="0.0"/>
  <system-out><![CDATA[]]></system-out>
  <system-err><![CDATA[]]></system-err>
</testsuite>
